<?xml version="1.0" encoding="UTF-8"?>
<!-- Generated by org.testng.reporters.JUnitXMLReporter -->
<testsuite ignored="0" hostname="M2B-D-6ZLLXH2" failures="1" tests="8" name="App Entry10" time="9.265" errors="0" timestamp="23 Mar 2018 07:30:31 GMT">
  <testcase classname="pracModules.AppEntryGIFT" name="AuthenticationAndAccessControl" time="9.115"/>
  <testcase classname="pracModules.AppEntryGIFT" name="LifeInsuranceAndAnnuityPlatform" time="0.148">
    <failure type="org.openqa.selenium.NoSuchWindowException" message="no such window: target window already closed
from unknown error: web view not found
  (Session info: chrome=64.0.3282.186)
  (Driver info: chromedriver=2.33.506120 (e3e53437346286c0bc2d2dc9aa4915ba81d9023f),platform=Windows NT 10.0.15063 x86_64) (WARNING: The server did not provide any stacktrace information)
Command duration or timeout: 0 milliseconds
Build info: version: &amp;apos;3.8.1&amp;apos;, revision: &amp;apos;6e95a6684b&amp;apos;, time: &amp;apos;2017-12-01T19:05:14.666Z&amp;apos;
System info: host: &amp;apos;M2B-D-6ZLLXH2&amp;apos;, ip: &amp;apos;10.189.96.133&amp;apos;, os.name: &amp;apos;Windows 10&amp;apos;, os.arch: &amp;apos;amd64&amp;apos;, os.version: &amp;apos;10.0&amp;apos;, java.version: &amp;apos;9.0.1&amp;apos;
Driver info: org.openqa.selenium.chrome.ChromeDriver
Capabilities {acceptSslCerts: true, applicationCacheEnabled: false, browserConnectionEnabled: false, browserName: chrome, chrome: {chromedriverVersion: 2.33.506120 (e3e53437346286..., userDataDir: C:\Users\PRAVIN~1.NAD\AppDa...}, cssSelectorsEnabled: true, databaseEnabled: false, handlesAlerts: true, hasTouchScreen: false, javascriptEnabled: true, locationContextEnabled: true, mobileEmulationEnabled: false, nativeEvents: true, networkConnectionEnabled: false, pageLoadStrategy: normal, platform: XP, platformName: XP, rotatable: false, setWindowRect: true, takesHeapSnapshot: true, takesScreenshot: true, unexpectedAlertBehaviour: , unhandledPromptBehavior: , version: 64.0.3282.186, webStorageEnabled: true}
Session ID: 00e13eca95de6304db38d9cd940f4bce
*** Element info: {Using=xpath, value=//input[@name=&amp;apos;j_username&amp;apos;]}">
      <![CDATA[org.openqa.selenium.NoSuchWindowException: no such window: target window already closedfrom unknown error: web view not found  (Session info: chrome=64.0.3282.186)  (Driver info: chromedriver=2.33.506120 (e3e53437346286c0bc2d2dc9aa4915ba81d9023f),platform=Windows NT 10.0.15063 x86_64) (WARNING: The server did not provide any stacktrace information)Command duration or timeout: 0 millisecondsBuild info: version: '3.8.1', revision: '6e95a6684b', time: '2017-12-01T19:05:14.666Z'System info: host: 'M2B-D-6ZLLXH2', ip: '10.189.96.133', os.name: 'Windows 10', os.arch: 'amd64', os.version: '10.0', java.version: '9.0.1'Driver info: org.openqa.selenium.chrome.ChromeDriverCapabilities {acceptSslCerts: true, applicationCacheEnabled: false, browserConnectionEnabled: false, browserName: chrome, chrome: {chromedriverVersion: 2.33.506120 (e3e53437346286..., userDataDir: C:\Users\PRAVIN~1.NAD\AppDa...}, cssSelectorsEnabled: true, databaseEnabled: false, handlesAlerts: true, hasTouchScreen: false, javascriptEnabled: true, locationContextEnabled: true, mobileEmulationEnabled: false, nativeEvents: true, networkConnectionEnabled: false, pageLoadStrategy: normal, platform: XP, platformName: XP, rotatable: false, setWindowRect: true, takesHeapSnapshot: true, takesScreenshot: true, unexpectedAlertBehaviour: , unhandledPromptBehavior: , version: 64.0.3282.186, webStorageEnabled: true}Session ID: 00e13eca95de6304db38d9cd940f4bce*** Element info: {Using=xpath, value=//input[@name='j_username']}at org.openqa.selenium.remote.ErrorHandler.createThrowable(ErrorHandler.java:214)at org.openqa.selenium.remote.ErrorHandler.throwIfResponseFailed(ErrorHandler.java:166)at org.openqa.selenium.remote.http.JsonHttpResponseCodec.reconstructValue(JsonHttpResponseCodec.java:40)at org.openqa.selenium.remote.http.AbstractHttpResponseCodec.decode(AbstractHttpResponseCodec.java:80)at org.openqa.selenium.remote.http.AbstractHttpResponseCodec.decode(AbstractHttpResponseCodec.java:44)at org.openqa.selenium.remote.HttpCommandExecutor.execute(HttpCommandExecutor.java:164)at org.openqa.selenium.remote.service.DriverCommandExecutor.execute(DriverCommandExecutor.java:83)at org.openqa.selenium.remote.RemoteWebDriver.execute(RemoteWebDriver.java:601)at org.openqa.selenium.remote.RemoteWebDriver.findElement(RemoteWebDriver.java:371)at org.openqa.selenium.remote.RemoteWebDriver.findElementByXPath(RemoteWebDriver.java:473)at org.openqa.selenium.By$ByXPath.findElement(By.java:361)at org.openqa.selenium.remote.RemoteWebDriver.findElement(RemoteWebDriver.java:363)at pageObjects.LifeInsuranceAndAnnuityPlatformSignIn.UserID(LifeInsuranceAndAnnuityPlatformSignIn.java:13)at pracModules.AppEntryGIFT.LifeInsuranceAndAnnuityPlatform(AppEntryGIFT.java:109)... Removed 28 stack frames]]>
    </failure>
  </testcase> <!-- LifeInsuranceAndAnnuityPlatform -->
  <testcase classname="pracModules.AppEntryGIFT" name="AccountWelcome" time="0.0">
    <skipped/>
  </testcase> <!-- AccountWelcome -->
  <testcase classname="pracModules.AppEntryGIFT" name="ApplicationDefingQuestionnaire" time="0.0">
    <skipped/>
  </testcase> <!-- ApplicationDefingQuestionnaire -->
  <testcase classname="pracModules.AppEntryGIFT" name="CLTApplicaionOwnerInformationGIFT" time="0.0">
    <skipped/>
  </testcase> <!-- CLTApplicaionOwnerInformationGIFT -->
  <testcase classname="pracModules.AppEntryGIFT" name="ApplicationPrimarybeneficiaryInformation" time="0.0">
    <skipped/>
  </testcase> <!-- ApplicationPrimarybeneficiaryInformation -->
  <testcase classname="pracModules.AppEntryGIFT" name="ApplicationPremiumInformation" time="0.0">
    <skipped/>
  </testcase> <!-- ApplicationPremiumInformation -->
  <testcase classname="pracModules.AppEntryGIFT" name="NewBusinessApplicationSummary" time="0.0">
    <skipped/>
  </testcase> <!-- NewBusinessApplicationSummary -->
</testsuite> <!-- App Entry10 -->
